<?xml version="1.0" encoding="UTF-8" ?>
<testsuites name="vitest tests" tests="201" failures="0" errors="0" time="10.3231482">
    <testsuite name="test/commands/dev.test.ts" timestamp="2026-07-01T02:45:36.660Z" hostname="Jane" tests="11" failures="0" errors="0" skipped="0" time="0.4854654">
        <testcase classname="test/commands/dev.test.ts" name="dev &gt; server process &gt; spawns tsx from the project node_modules/.bin with --watch src/server.ts" time="0.2840283">
        </testcase>
        <testcase classname="test/commands/dev.test.ts" name="dev &gt; server process &gt; prepends --inspect=0.0.0.0:9229 to tsx args when --inspect is passed" time="0.0240001">
        </testcase>
        <testcase classname="test/commands/dev.test.ts" name="dev &gt; server process &gt; passes db env vars into the tsx process environment" time="0.024937">
        </testcase>
        <testcase classname="test/commands/dev.test.ts" name="dev &gt; server process &gt; includes project node_modules/.bin in PATH for the server process" time="0.0235828">
        </testcase>
        <testcase classname="test/commands/dev.test.ts" name="dev &gt; database lifecycle &gt; calls detectDatabases before starting the server" time="0.0168947">
        </testcase>
        <testcase classname="test/commands/dev.test.ts" name="dev &gt; database lifecycle &gt; passes the detected config to startDatabases" time="0.0177">
        </testcase>
        <testcase classname="test/commands/dev.test.ts" name="dev &gt; database lifecycle &gt; calls server.stop() on each started database after the server exits" time="0.0185706">
        </testcase>
        <testcase classname="test/commands/dev.test.ts" name="dev &gt; database lifecycle &gt; does not throw when no databases are configured" time="0.0196416">
        </testcase>
        <testcase classname="test/commands/dev.test.ts" name="dev &gt; React / Vite integration &gt; does not spawn vite when detectReact returns false" time="0.018843">
        </testcase>
        <testcase classname="test/commands/dev.test.ts" name="dev &gt; React / Vite integration &gt; spawns vite build --watch concurrently when detectReact returns true" time="0.020863">
        </testcase>
        <testcase classname="test/commands/dev.test.ts" name="dev &gt; React / Vite integration &gt; vite process receives the same db env vars as the server" time="0.015135">
        </testcase>
    </testsuite>
    <testsuite name="test/commands/start.test.ts" timestamp="2026-07-01T02:45:36.664Z" hostname="Jane" tests="17" failures="0" errors="0" skipped="0" time="0.5497608">
        <testcase classname="test/commands/start.test.ts" name="start &gt; --no-build flag &gt; skips the build step entirely and goes straight to starting the server" time="0.2819505">
        </testcase>
        <testcase classname="test/commands/start.test.ts" name="start &gt; --no-build flag &gt; does not call detectReact when --no-build is set" time="0.0185539">
        </testcase>
        <testcase classname="test/commands/start.test.ts" name="start &gt; build step (without --no-build) &gt; runs npm run build when no yarn.lock or packageManager field exists" time="0.017948">
        </testcase>
        <testcase classname="test/commands/start.test.ts" name="start &gt; build step (without --no-build) &gt; runs yarn build when yarn.lock is present" time="0.0164114">
        </testcase>
        <testcase classname="test/commands/start.test.ts" name="start &gt; build step (without --no-build) &gt; runs yarn build when packageManager field starts with &quot;yarn&quot;" time="0.0176369">
        </testcase>
        <testcase classname="test/commands/start.test.ts" name="start &gt; server process &gt; spawns node with a server.js path" time="0.0166911">
        </testcase>
        <testcase classname="test/commands/start.test.ts" name="start &gt; server process &gt; checks for server files relative to the project cwd, not the node binary path" time="0.0162219">
        </testcase>
        <testcase classname="test/commands/start.test.ts" name="start &gt; server process &gt; falls back to dist/server.js when no specific layout is detected" time="0.0151013">
        </testcase>
        <testcase classname="test/commands/start.test.ts" name="start &gt; server process &gt; uses dist/server/server.js when existsSync returns true for that path (first check)" time="0.0163077">
        </testcase>
        <testcase classname="test/commands/start.test.ts" name="start &gt; server process &gt; uses dist/src/server.js when the first check fails but the second succeeds" time="0.0155221">
        </testcase>
        <testcase classname="test/commands/start.test.ts" name="start &gt; server process &gt; passes db env vars into the server process environment" time="0.0157974">
        </testcase>
        <testcase classname="test/commands/start.test.ts" name="start &gt; database lifecycle &gt; calls detectDatabases before starting the server" time="0.0175519">
        </testcase>
        <testcase classname="test/commands/start.test.ts" name="start &gt; database lifecycle &gt; passes the detected config to startDatabases" time="0.0165057">
        </testcase>
        <testcase classname="test/commands/start.test.ts" name="start &gt; database lifecycle &gt; calls server.stop() on each started database after server exits" time="0.0205373">
        </testcase>
        <testcase classname="test/commands/start.test.ts" name="start &gt; React / Vite integration &gt; does not run vite build when detectReact returns false" time="0.0147918">
        </testcase>
        <testcase classname="test/commands/start.test.ts" name="start &gt; React / Vite integration &gt; runs vite build between the main build and server startup when detectReact is true" time="0.0161957">
        </testcase>
        <testcase classname="test/commands/start.test.ts" name="start &gt; React / Vite integration &gt; skips vite build when --no-build is set even if detectReact would return true" time="0.014733">
        </testcase>
    </testsuite>
    <testsuite name="test/lib/db.test.ts" timestamp="2026-07-01T02:45:36.666Z" hostname="Jane" tests="11" failures="0" errors="0" skipped="0" time="6.6556807">
        <testcase classname="test/lib/db.test.ts" name="detectDatabases &gt; detects mongodb from type: &quot;mongodb&quot; in datastores" time="0.0107508">
        </testcase>
        <testcase classname="test/lib/db.test.ts" name="detectDatabases &gt; detects redis from type: &quot;redis&quot; in datastores" time="0.0028236">
        </testcase>
        <testcase classname="test/lib/db.test.ts" name="detectDatabases &gt; detects postgresql from type: &quot;postgresql&quot; in datastores" time="0.0024272">
        </testcase>
        <testcase classname="test/lib/db.test.ts" name="detectDatabases &gt; detects multiple database types from a single config" time="0.0025574">
        </testcase>
        <testcase classname="test/lib/db.test.ts" name="detectDatabases &gt; handles single-quoted type values" time="0.002428">
        </testcase>
        <testcase classname="test/lib/db.test.ts" name="detectDatabases &gt; returns all false when config has no datastore type strings" time="0.0023713">
        </testcase>
        <testcase classname="test/lib/db.test.ts" name="detectDatabases &gt; returns all false when src/config.ts does not exist" time="0.0014129">
        </testcase>
        <testcase classname="test/lib/db.test.ts" name="startDatabases &gt; starts mongodb-memory-server and sets DATASTORES env vars" time="0.4080705">
        </testcase>
        <testcase classname="test/lib/db.test.ts" name="startDatabases &gt; sets no env vars and spawns no processes when no databases configured" time="0.0003388">
        </testcase>
        <testcase classname="test/lib/db.test.ts" name="startDatabases &gt; starts redis-memory-server and sets DATASTORES env vars" time="4.1748936">
        </testcase>
        <testcase classname="test/lib/db.test.ts" name="startDatabases &gt; starts postgres-memory-server and sets DATASTORES env vars" time="2.0460996">
        </testcase>
    </testsuite>
    <testsuite name="test/lib/patch.test.ts" timestamp="2026-07-01T02:45:36.667Z" hostname="Jane" tests="31" failures="0" errors="0" skipped="0" time="0.0608732">
        <testcase classname="test/lib/patch.test.ts" name="tsBlockInsert &gt; inserts a snippet before the closing brace of the named block" time="0.0012501">
        </testcase>
        <testcase classname="test/lib/patch.test.ts" name="tsBlockInsert &gt; is a no-op when idempotencyKey already appears as a depth-1 property" time="0.0002305">
        </testcase>
        <testcase classname="test/lib/patch.test.ts" name="tsBlockInsert &gt; inserts when idempotencyKey does not match any existing property" time="0.0001092">
        </testcase>
        <testcase classname="test/lib/patch.test.ts" name="tsBlockInsert &gt; throws a descriptive error when the named block does not exist" time="0.000524">
        </testcase>
        <testcase classname="test/lib/patch.test.ts" name="tsBlockInsert &gt; handles an empty block" time="0.0000907">
        </testcase>
        <testcase classname="test/lib/patch.test.ts" name="tsBlockInsert &gt; does not match property names inside string literals" time="0.0001001">
        </testcase>
        <testcase classname="test/lib/patch.test.ts" name="tsBlockInsert &gt; skips property names inside // comments when checking idempotency" time="0.0000755">
        </testcase>
        <testcase classname="test/lib/patch.test.ts" name="tsPropertySet &gt; replaces the value of the named property inside the block" time="0.0002822">
        </testcase>
        <testcase classname="test/lib/patch.test.ts" name="tsPropertySet &gt; is a no-op when the value is already the desired value" time="0.0001244">
        </testcase>
        <testcase classname="test/lib/patch.test.ts" name="tsPropertySet &gt; preserves all other content outside the changed property" time="0.000099">
        </testcase>
        <testcase classname="test/lib/patch.test.ts" name="tsPropertySet &gt; throws when the named block does not exist" time="0.0001171">
        </testcase>
        <testcase classname="test/lib/patch.test.ts" name="tsPropertySet &gt; returns source unchanged when the property does not exist in the block" time="0.0000886">
        </testcase>
        <testcase classname="test/lib/patch.test.ts" name="tsPropertySet &gt; does not affect same-named properties inside sibling blocks" time="0.0001341">
        </testcase>
        <testcase classname="test/lib/patch.test.ts" name="tsPropertySet &gt; handles an object-valued property without corrupting it" time="0.0001237">
        </testcase>
        <testcase classname="test/lib/patch.test.ts" name="tsPropertySet &gt; skips // comments when scanning for property names" time="0.0000924">
        </testcase>
        <testcase classname="test/lib/patch.test.ts" name="jsonMerge &gt; merges dependencies into an existing package.json object" time="0.0005132">
        </testcase>
        <testcase classname="test/lib/patch.test.ts" name="jsonMerge &gt; patch value wins on scalar conflicts" time="0.0000951">
        </testcase>
        <testcase classname="test/lib/patch.test.ts" name="jsonMerge &gt; deep-merges nested objects independently" time="0.000113">
        </testcase>
        <testcase classname="test/lib/patch.test.ts" name="jsonMerge &gt; replaces arrays rather than concatenating" time="0.0001165">
        </testcase>
        <testcase classname="test/lib/patch.test.ts" name="jsonMerge &gt; is idempotent: applying the same patch twice yields the same result" time="0.0000824">
        </testcase>
        <testcase classname="test/lib/patch.test.ts" name="jsonMerge &gt; does not mutate the target argument" time="0.0000696">
        </testcase>
        <testcase classname="test/lib/patch.test.ts" name="jsonMerge &gt; handles an empty patch (no-op)" time="0.0000604">
        </testcase>
        <testcase classname="test/lib/patch.test.ts" name="applyPatches &gt; ts-block-insert: inserts rendered snippet into the named block" time="0.0126554">
        </testcase>
        <testcase classname="test/lib/patch.test.ts" name="applyPatches &gt; ts-block-insert: skips insertion when idempotencyKey is already present" time="0.00483">
        </testcase>
        <testcase classname="test/lib/patch.test.ts" name="applyPatches &gt; ts-block-insert: throws when target file does not exist" time="0.0038877">
        </testcase>
        <testcase classname="test/lib/patch.test.ts" name="applyPatches &gt; json-merge: merges dependency entries into existing package.json" time="0.0065887">
        </testcase>
        <testcase classname="test/lib/patch.test.ts" name="applyPatches &gt; json-merge: creates the file if it does not exist" time="0.0042328">
        </testcase>
        <testcase classname="test/lib/patch.test.ts" name="applyPatches &gt; json-merge: is idempotent — running twice yields the same result" time="0.0080367">
        </testcase>
        <testcase classname="test/lib/patch.test.ts" name="applyPatches &gt; ts-property-set: replaces a property value in the named block" time="0.0048501">
        </testcase>
        <testcase classname="test/lib/patch.test.ts" name="applyPatches &gt; ts-property-set: is idempotent when property already has the desired value" time="0.0058998">
        </testcase>
        <testcase classname="test/lib/patch.test.ts" name="applyPatches &gt; skips a patch entirely when condition evaluates to falsy" time="0.0042024">
        </testcase>
    </testsuite>
    <testsuite name="test/lib/project.test.ts" timestamp="2026-07-01T02:45:36.671Z" hostname="Jane" tests="27" failures="0" errors="0" skipped="0" time="0.0419929">
        <testcase classname="test/lib/project.test.ts" name="detectReact &gt; returns true when vite.config.ts exists" time="0.0042319">
        </testcase>
        <testcase classname="test/lib/project.test.ts" name="detectReact &gt; returns false when vite.config.ts does not exist" time="0.000739">
        </testcase>
        <testcase classname="test/lib/project.test.ts" name="detectReact &gt; returns false for a non-existent directory" time="0.0007964">
        </testcase>
        <testcase classname="test/lib/project.test.ts" name="readProjectAuthor &gt; returns a string author field" time="0.0021744">
        </testcase>
        <testcase classname="test/lib/project.test.ts" name="readProjectAuthor &gt; returns the name from an object author field" time="0.0017409">
        </testcase>
        <testcase classname="test/lib/project.test.ts" name="readProjectAuthor &gt; returns undefined when author is an empty string" time="0.0017136">
        </testcase>
        <testcase classname="test/lib/project.test.ts" name="readProjectAuthor &gt; returns undefined when author field is absent" time="0.0016676">
        </testcase>
        <testcase classname="test/lib/project.test.ts" name="readProjectAuthor &gt; returns undefined when package.json does not exist" time="0.0006826">
        </testcase>
        <testcase classname="test/lib/project.test.ts" name="readProjectAuthor &gt; returns undefined when package.json is invalid JSON" time="0.0017776">
        </testcase>
        <testcase classname="test/lib/project.test.ts" name="extractDatastoreInfo &gt; extracts name and type for each top-level datastore property" time="0.0006911">
        </testcase>
        <testcase classname="test/lib/project.test.ts" name="extractDatastoreInfo &gt; handles multi-line datastore objects" time="0.000163">
        </testcase>
        <testcase classname="test/lib/project.test.ts" name="extractDatastoreInfo &gt; returns an empty array when there is no datastores block" time="0.0000795">
        </testcase>
        <testcase classname="test/lib/project.test.ts" name="extractDatastoreInfo &gt; returns empty type when the datastore object has no type field" time="0.0000831">
        </testcase>
        <testcase classname="test/lib/project.test.ts" name="extractDatastoreInfo &gt; does not confuse nested type fields with the top-level one" time="0.0000881">
        </testcase>
        <testcase classname="test/lib/project.test.ts" name="extractDatastoreInfo &gt; ignores type values inside string literals" time="0.0000818">
        </testcase>
        <testcase classname="test/lib/project.test.ts" name="extractDatastoreInfo &gt; skips // line comments" time="0.0000756">
        </testcase>
        <testcase classname="test/lib/project.test.ts" name="readProjectDatastores &gt; reads datastores from src/config.ts" time="0.002509">
        </testcase>
        <testcase classname="test/lib/project.test.ts" name="readProjectDatastores &gt; returns an empty array when src/config.ts does not exist" time="0.0047535">
        </testcase>
        <testcase classname="test/lib/project.test.ts" name="extractModelDatastore &gt; extracts the datastore name from a @DataStore decorator" time="0.0001514">
        </testcase>
        <testcase classname="test/lib/project.test.ts" name="extractModelDatastore &gt; handles double-quoted strings" time="0.0000942">
        </testcase>
        <testcase classname="test/lib/project.test.ts" name="extractModelDatastore &gt; returns an empty string when no @DataStore decorator is present" time="0.0000716">
        </testcase>
        <testcase classname="test/lib/project.test.ts" name="readProjectModels &gt; returns the class name (filename without .ts) for each model file" time="0.0033822">
        </testcase>
        <testcase classname="test/lib/project.test.ts" name="readProjectModels &gt; excludes .d.ts declaration files" time="0.003206">
        </testcase>
        <testcase classname="test/lib/project.test.ts" name="readProjectModels &gt; returns an empty array when src/models does not exist" time="0.0016956">
        </testcase>
        <testcase classname="test/lib/project.test.ts" name="readModelDatastore &gt; reads the @DataStore value from the named model file" time="0.0031097">
        </testcase>
        <testcase classname="test/lib/project.test.ts" name="readModelDatastore &gt; returns an empty string when the model file does not exist" time="0.0018423">
        </testcase>
        <testcase classname="test/lib/project.test.ts" name="readModelDatastore &gt; returns an empty string when the model has no @DataStore decorator" time="0.0031613">
        </testcase>
    </testsuite>
    <testsuite name="test/lib/prompts.test.ts" timestamp="2026-07-01T02:45:36.673Z" hostname="Jane" tests="8" failures="0" errors="0" skipped="0" time="0.0040576">
        <testcase classname="test/lib/prompts.test.ts" name="inputAuthor &gt; always calls input() and returns whatever the user enters" time="0.0014873">
        </testcase>
        <testcase classname="test/lib/prompts.test.ts" name="inputAuthor &gt; uses git config author as the default value for the prompt" time="0.0001523">
        </testcase>
        <testcase classname="test/lib/prompts.test.ts" name="inputAuthor &gt; uses package.json author as the default when git config is not set and cwd is provided" time="0.0007998">
        </testcase>
        <testcase classname="test/lib/prompts.test.ts" name="inputAuthor &gt; prefers git config over package.json when both are available" time="0.000221">
        </testcase>
        <testcase classname="test/lib/prompts.test.ts" name="inputAuthor &gt; uses undefined as the default when neither git config nor package.json has an author" time="0.0001168">
        </testcase>
        <testcase classname="test/lib/prompts.test.ts" name="inputAuthor &gt; does not call readProjectAuthor when no cwd is provided" time="0.0001">
        </testcase>
        <testcase classname="test/lib/prompts.test.ts" name="inputAuthor &gt; does not call readProjectAuthor when git config returns an author" time="0.0000923">
        </testcase>
        <testcase classname="test/lib/prompts.test.ts" name="inputAuthor &gt; passes the correct message and required flag to input()" time="0.0001015">
        </testcase>
    </testsuite>
    <testsuite name="test/lib/route-integration.test.ts" timestamp="2026-07-01T02:45:36.674Z" hostname="Jane" tests="16" failures="0" errors="0" skipped="0" time="0.2877126">
        <testcase classname="test/lib/route-integration.test.ts" name="generate route — route template &gt; generates the route file and no scaffolding artifacts" time="0.0186572">
        </testcase>
        <testcase classname="test/lib/route-integration.test.ts" name="generate route — route template &gt; generates a model-extended route when model is provided" time="0.0103686">
        </testcase>
        <testcase classname="test/lib/route-integration.test.ts" name="generate route — route template &gt; generates a plain route (no model class) when model is empty" time="0.0081687">
        </testcase>
        <testcase classname="test/lib/route-integration.test.ts" name="generate route — test template &gt; generates the test file" time="0.0122866">
        </testcase>
        <testcase classname="test/lib/route-integration.test.ts" name="generate route — test template &gt; includes mongo-specific imports when datastoreType is mongodb" time="0.009151">
        </testcase>
        <testcase classname="test/lib/route-integration.test.ts" name="generate route — test template &gt; omits mongo-specific imports when datastoreType is not mongodb" time="0.0082176">
        </testcase>
        <testcase classname="test/lib/route-integration.test.ts" name="generate model &gt; generates the model file under src/models/ and no scaffolding artifacts" time="0.006423">
        </testcase>
        <testcase classname="test/lib/route-integration.test.ts" name="generate model &gt; emits Mongo entity imports when datastoreType is mongodb" time="0.0069824">
        </testcase>
        <testcase classname="test/lib/route-integration.test.ts" name="generate model &gt; emits SQL entity imports when datastoreType is not mongodb" time="0.0073847">
        </testcase>
        <testcase classname="test/lib/route-integration.test.ts" name="generate react &gt; generates app files, route file, and vite config with no scaffolding artifacts" time="0.0168566">
        </testcase>
        <testcase classname="test/lib/route-integration.test.ts" name="generate react &gt; merges react dependencies into package.json via patch" time="0.0152428">
        </testcase>
        <testcase classname="test/lib/route-integration.test.ts" name="generate server &gt; generates core server files when all optional features are disabled" time="0.0308857">
        </testcase>
        <testcase classname="test/lib/route-integration.test.ts" name="generate server &gt; includes docker files when features.docker is enabled" time="0.0362138">
        </testcase>
        <testcase classname="test/lib/route-integration.test.ts" name="generate server &gt; includes GitHub CI workflow when scm.github is enabled" time="0.031332">
        </testcase>
        <testcase classname="test/lib/route-integration.test.ts" name="generate server &gt; includes database model and routes when features.hasDatabase is enabled" time="0.0390624">
        </testcase>
        <testcase classname="test/lib/route-integration.test.ts" name="generate server &gt; does not include react app files when features.react is disabled" time="0.0291724">
        </testcase>
    </testsuite>
    <testsuite name="test/lib/template.test.ts" timestamp="2026-07-01T02:45:36.676Z" hostname="Jane" tests="21" failures="0" errors="0" skipped="0" time="0.0934398">
        <testcase classname="test/lib/template.test.ts" name="processTemplate &gt; substitutes {{variable}} in file content" time="0.0093439">
        </testcase>
        <testcase classname="test/lib/template.test.ts" name="processTemplate &gt; substitutes {{name}} placeholders in output file paths" time="0.0039637">
        </testcase>
        <testcase classname="test/lib/template.test.ts" name="processTemplate &gt; evaluates {{#if}} Handlebars conditionals in content" time="0.0037215">
        </testcase>
        <testcase classname="test/lib/template.test.ts" name="processTemplate &gt; copies binary files (.cjs, .gz) byte-for-byte without Handlebars processing" time="0.0026472">
        </testcase>
        <testcase classname="test/lib/template.test.ts" name="processTemplate &gt; excludes a file when its manifest condition is false" time="0.0035323">
        </testcase>
        <testcase classname="test/lib/template.test.ts" name="processTemplate &gt; includes a file when its manifest condition is true" time="0.0025834">
        </testcase>
        <testcase classname="test/lib/template.test.ts" name="processTemplate &gt; excludes a directory subtree when its manifest condition is false" time="0.0021947">
        </testcase>
        <testcase classname="test/lib/template.test.ts" name="processTemplate &gt; preserves ${{ }} GitHub Actions syntax unchanged" time="0.0021443">
        </testcase>
        <testcase classname="test/lib/template.test.ts" name="processTemplate &gt; throws when an output file already exists and force is not set" time="0.0015997">
        </testcase>
        <testcase classname="test/lib/template.test.ts" name="processTemplate &gt; overwrites an existing output file when force is true" time="0.0058594">
        </testcase>
        <testcase classname="test/lib/template.test.ts" name="processTemplate &gt; creates nested output directories for files in subdirectories" time="0.0032304">
        </testcase>
        <testcase classname="test/lib/template.test.ts" name="processTemplate &gt; patches &gt; does not copy patch template files into the output directory" time="0.0038241">
        </testcase>
        <testcase classname="test/lib/template.test.ts" name="processTemplate &gt; patches &gt; applies a json-merge patch to the project directory after file generation" time="0.0072973">
        </testcase>
        <testcase classname="test/lib/template.test.ts" name="processTemplate &gt; patches &gt; skips a patch when its condition is falsy in the context" time="0.0035584">
        </testcase>
        <testcase classname="test/lib/template.test.ts" name="processTemplate &gt; patches &gt; applies a ts-block-insert patch to src/config.ts in the project directory" time="0.0049596">
        </testcase>
        <testcase classname="test/lib/template.test.ts" name="processTemplate &gt; Helm-safe mode (helmPaths) &gt; substitutes [[ varname ]] in Helm files" time="0.0025612">
        </testcase>
        <testcase classname="test/lib/template.test.ts" name="processTemplate &gt; Helm-safe mode (helmPaths) &gt; resolves [[#if condition]]...[[/if]] blocks in Helm files" time="0.0024568">
        </testcase>
        <testcase classname="test/lib/template.test.ts" name="processTemplate &gt; Helm-safe mode (helmPaths) &gt; preserves Helm {{ }} Go-template expressions in helmPaths files" time="0.0060876">
        </testcase>
        <testcase classname="test/lib/template.test.ts" name="processTemplate &gt; Helm-safe mode (helmPaths) &gt; handles nested [[#if]] blocks in Helm files" time="0.0024219">
        </testcase>
        <testcase classname="test/lib/template.test.ts" name="processTemplate &gt; Helm-safe mode (helmPaths) &gt; substitutes [[ dotted.path ]] from nested context in Helm files" time="0.0024732">
        </testcase>
        <testcase classname="test/lib/template.test.ts" name="processTemplate &gt; Helm-safe mode (helmPaths) &gt; files outside helmPaths still use Handlebars {{ }} normally" time="0.0039321">
        </testcase>
    </testsuite>
    <testsuite name="test/commands/generate/model.test.ts" timestamp="2026-07-01T02:45:36.679Z" hostname="Jane" tests="20" failures="0" errors="0" skipped="0" time="0.6511821">
        <testcase classname="test/commands/generate/model.test.ts" name="generate model &gt; context building &gt; builds the correct context from prompts and passes it to processTemplate" time="0.2824625">
        </testcase>
        <testcase classname="test/commands/generate/model.test.ts" name="generate model &gt; context building &gt; includes cache: false and protect: false when those prompts answer no" time="0.0184575">
        </testcase>
        <testcase classname="test/commands/generate/model.test.ts" name="generate model &gt; context building &gt; sets isMongoDb true and other db booleans false when datastoreType is mongodb" time="0.0210638">
        </testcase>
        <testcase classname="test/commands/generate/model.test.ts" name="generate model &gt; context building &gt; includes project_name from package.json in the context" time="0.0217035">
        </testcase>
        <testcase classname="test/commands/generate/model.test.ts" name="generate model &gt; datastore selection — configured datastores present &gt; shows only non-acl datastores in the select choices, plus a new option" time="0.0177274">
        </testcase>
        <testcase classname="test/commands/generate/model.test.ts" name="generate model &gt; datastore selection — configured datastores present &gt; resolves datastoreType from the config list for the selected name" time="0.0165773">
        </testcase>
        <testcase classname="test/commands/generate/model.test.ts" name="generate model &gt; datastore selection — configured datastores present &gt; selecting &quot;+ New datastore...&quot; prompts for db type and uses it as both name and type" time="0.0187753">
        </testcase>
        <testcase classname="test/commands/generate/model.test.ts" name="generate model &gt; datastore selection — configured datastores present &gt; does not show the &quot;set up new database&quot; prompt when datastores are configured" time="0.0185863">
        </testcase>
        <testcase classname="test/commands/generate/model.test.ts" name="generate model &gt; datastore selection — no configured datastores &gt; asks to set up a new database and selects the type when the user says yes" time="0.0172093">
        </testcase>
        <testcase classname="test/commands/generate/model.test.ts" name="generate model &gt; datastore selection — no configured datastores &gt; sets datastore and datastoreType to empty string when the user declines" time="0.0213499">
        </testcase>
        <testcase classname="test/commands/generate/model.test.ts" name="generate model &gt; flag shortcuts bypass prompts &gt; --datastore skips the datastore select but still resolves datastoreType from config" time="0.0175398">
        </testcase>
        <testcase classname="test/commands/generate/model.test.ts" name="generate model &gt; flag shortcuts bypass prompts &gt; --datastore leaves datastoreType empty when the name is not in the project config" time="0.0211862">
        </testcase>
        <testcase classname="test/commands/generate/model.test.ts" name="generate model &gt; flag shortcuts bypass prompts &gt; --description skips the description input prompt" time="0.0179251">
        </testcase>
        <testcase classname="test/commands/generate/model.test.ts" name="generate model &gt; flag shortcuts bypass prompts &gt; --cache skips the cache select prompt" time="0.0170352">
        </testcase>
        <testcase classname="test/commands/generate/model.test.ts" name="generate model &gt; flag shortcuts bypass prompts &gt; --protect skips the protect select prompt" time="0.0168364">
        </testcase>
        <testcase classname="test/commands/generate/model.test.ts" name="generate model &gt; flag shortcuts bypass prompts &gt; --author skips inputAuthor entirely" time="0.0163766">
        </testcase>
        <testcase classname="test/commands/generate/model.test.ts" name="generate model &gt; author resolution &gt; calls inputAuthor with the project cwd and uses its return value" time="0.0205933">
        </testcase>
        <testcase classname="test/commands/generate/model.test.ts" name="generate model &gt; output and template options &gt; uses ./src/models as the default output directory" time="0.0234483">
        </testcase>
        <testcase classname="test/commands/generate/model.test.ts" name="generate model &gt; output and template options &gt; passes force: true to processTemplate when --force is set" time="0.0224074">
        </testcase>
        <testcase classname="test/commands/generate/model.test.ts" name="generate model &gt; output and template options &gt; points processTemplate at the model template directory" time="0.0224421">
        </testcase>
    </testsuite>
    <testsuite name="test/commands/generate/react.test.ts" timestamp="2026-07-01T02:45:36.681Z" hostname="Jane" tests="12" failures="0" errors="0" skipped="0" time="0.4657553">
        <testcase classname="test/commands/generate/react.test.ts" name="generate react &gt; context building &gt; builds the correct context from prompts and passes it to processTemplate" time="0.2830886">
        </testcase>
        <testcase classname="test/commands/generate/react.test.ts" name="generate react &gt; context building &gt; includes hydrate: false when the hydrate select answers no" time="0.0178109">
        </testcase>
        <testcase classname="test/commands/generate/react.test.ts" name="generate react &gt; context building &gt; includes project_name from package.json in the context" time="0.0179621">
        </testcase>
        <testcase classname="test/commands/generate/react.test.ts" name="generate react &gt; context building &gt; uses the app name as the default suggestion for the path prompt" time="0.0162784">
        </testcase>
        <testcase classname="test/commands/generate/react.test.ts" name="generate react &gt; flag shortcuts bypass prompts &gt; --path skips the path input prompt" time="0.0165861">
        </testcase>
        <testcase classname="test/commands/generate/react.test.ts" name="generate react &gt; flag shortcuts bypass prompts &gt; --hydrate skips the hydrate select prompt" time="0.0162904">
        </testcase>
        <testcase classname="test/commands/generate/react.test.ts" name="generate react &gt; flag shortcuts bypass prompts &gt; --author skips inputAuthor entirely" time="0.0160833">
        </testcase>
        <testcase classname="test/commands/generate/react.test.ts" name="generate react &gt; author resolution &gt; calls inputAuthor with the project cwd and uses its return value" time="0.0155409">
        </testcase>
        <testcase classname="test/commands/generate/react.test.ts" name="generate react &gt; output and template options &gt; uses the project root as the default output directory" time="0.0183577">
        </testcase>
        <testcase classname="test/commands/generate/react.test.ts" name="generate react &gt; output and template options &gt; passes force: true to processTemplate when --force is set" time="0.0162299">
        </testcase>
        <testcase classname="test/commands/generate/react.test.ts" name="generate react &gt; output and template options &gt; passes projectDir: process.cwd() to processTemplate" time="0.015493">
        </testcase>
        <testcase classname="test/commands/generate/react.test.ts" name="generate react &gt; output and template options &gt; points processTemplate at the react template directory" time="0.0147114">
        </testcase>
    </testsuite>
    <testsuite name="test/commands/generate/route.test.ts" timestamp="2026-07-01T02:45:36.682Z" hostname="Jane" tests="16" failures="0" errors="0" skipped="0" time="0.534732">
        <testcase classname="test/commands/generate/route.test.ts" name="generate route &gt; context building &gt; builds the correct context from prompts and passes it to processTemplate" time="0.2756111">
        </testcase>
        <testcase classname="test/commands/generate/route.test.ts" name="generate route &gt; context building &gt; resolves datastoreType from the model&apos;s @DataStore decorator via the project config" time="0.0191631">
        </testcase>
        <testcase classname="test/commands/generate/route.test.ts" name="generate route &gt; context building &gt; sets datastore and datastoreType to empty when model is &quot;(none)&quot;" time="0.0169178">
        </testcase>
        <testcase classname="test/commands/generate/route.test.ts" name="generate route &gt; context building &gt; leaves datastoreType empty when the model has no @DataStore decorator" time="0.0157256">
        </testcase>
        <testcase classname="test/commands/generate/route.test.ts" name="generate route &gt; model selection &gt; shows a select with &quot;(none)&quot;, project models, and a &quot;+ New model...&quot; option" time="0.0180876">
        </testcase>
        <testcase classname="test/commands/generate/route.test.ts" name="generate route &gt; model selection &gt; runs generate model inline when &quot;+ New model...&quot; is selected and uses the newly created model" time="0.0193232">
        </testcase>
        <testcase classname="test/commands/generate/route.test.ts" name="generate route &gt; model selection &gt; falls back to a free-form input when no models exist in the project" time="0.0164598">
        </testcase>
        <testcase classname="test/commands/generate/route.test.ts" name="generate route &gt; model selection &gt; --no-model skips all model prompts and leaves model undefined in context" time="0.0179337">
        </testcase>
        <testcase classname="test/commands/generate/route.test.ts" name="generate route &gt; flag shortcuts bypass prompts &gt; --model skips the model select and resolves datastore from the named model file" time="0.0155408">
        </testcase>
        <testcase classname="test/commands/generate/route.test.ts" name="generate route &gt; flag shortcuts bypass prompts &gt; --description skips the description input prompt" time="0.0163688">
        </testcase>
        <testcase classname="test/commands/generate/route.test.ts" name="generate route &gt; flag shortcuts bypass prompts &gt; --path skips the route path input prompt" time="0.0153422">
        </testcase>
        <testcase classname="test/commands/generate/route.test.ts" name="generate route &gt; flag shortcuts bypass prompts &gt; --protect skips the protect select prompt" time="0.0170247">
        </testcase>
        <testcase classname="test/commands/generate/route.test.ts" name="generate route &gt; flag shortcuts bypass prompts &gt; --author skips inputAuthor entirely" time="0.0198797">
        </testcase>
        <testcase classname="test/commands/generate/route.test.ts" name="generate route &gt; author resolution &gt; calls inputAuthor with the project cwd and uses its return value" time="0.0149257">
        </testcase>
        <testcase classname="test/commands/generate/route.test.ts" name="generate route &gt; output and template options &gt; uses project root as the default output directory for the route file" time="0.0208462">
        </testcase>
        <testcase classname="test/commands/generate/route.test.ts" name="generate route &gt; output and template options &gt; passes force: true to both processTemplate calls when --force is set" time="0.014261">
        </testcase>
    </testsuite>
    <testsuite name="test/commands/generate/server.test.ts" timestamp="2026-07-01T02:45:36.684Z" hostname="Jane" tests="11" failures="0" errors="0" skipped="0" time="0.4924958">
        <testcase classname="test/commands/generate/server.test.ts" name="generate server &gt; builds the correct base context from prompts" time="0.2873626">
        </testcase>
        <testcase classname="test/commands/generate/server.test.ts" name="generate server &gt; maps selected database and feature choices to boolean flags on context.features" time="0.0184444">
        </testcase>
        <testcase classname="test/commands/generate/server.test.ts" name="generate server &gt; sets hasDatabase true when any persistent store is selected" time="0.0536481">
        </testcase>
        <testcase classname="test/commands/generate/server.test.ts" name="generate server &gt; sets hasDatabase false when only non-persistent features are selected" time="0.0173387">
        </testcase>
        <testcase classname="test/commands/generate/server.test.ts" name="generate server &gt; maps the SCM choice to a boolean map on context.scm" time="0.0205112">
        </testcase>
        <testcase classname="test/commands/generate/server.test.ts" name="generate server &gt; maps the package manager choice to a boolean map on context.pkgMgr" time="0.015307">
        </testcase>
        <testcase classname="test/commands/generate/server.test.ts" name="generate server &gt; uses ./&lt;name&gt; as the default output directory" time="0.0150554">
        </testcase>
        <testcase classname="test/commands/generate/server.test.ts" name="generate server &gt; uses --output-dir when provided" time="0.0150676">
        </testcase>
        <testcase classname="test/commands/generate/server.test.ts" name="generate server &gt; points processTemplate at the server template directory" time="0.014782">
        </testcase>
        <testcase classname="test/commands/generate/server.test.ts" name="generate server &gt; passes force: true when --force is set" time="0.0143391">
        </testcase>
        <testcase classname="test/commands/generate/server.test.ts" name="generate server &gt; author resolution &gt; calls inputAuthor and uses its return value as the author" time="0.0194796">
        </testcase>
    </testsuite>
</testsuites>
