<?xml version="1.0" encoding="UTF-8" ?>
<testsuites name="vitest tests" tests="180" failures="0" errors="0" time="42.9663213">
    <testsuite name="test/commands/dev.test.ts" timestamp="2026-07-01T00:23:22.833Z" hostname="Jane" tests="11" failures="0" errors="0" skipped="0" time="4.3545702">
        <testcase classname="test/commands/dev.test.ts" name="dev &gt; server process &gt; spawns tsx from the project node_modules/.bin with --watch src/server.ts" time="0.6412008">
        </testcase>
        <testcase classname="test/commands/dev.test.ts" name="dev &gt; server process &gt; prepends --inspect=0.0.0.0:9229 to tsx args when --inspect is passed" time="0.3884262">
        </testcase>
        <testcase classname="test/commands/dev.test.ts" name="dev &gt; server process &gt; passes db env vars into the tsx process environment" time="0.3689018">
        </testcase>
        <testcase classname="test/commands/dev.test.ts" name="dev &gt; server process &gt; includes project node_modules/.bin in PATH for the server process" time="0.3752588">
        </testcase>
        <testcase classname="test/commands/dev.test.ts" name="dev &gt; database lifecycle &gt; calls detectDatabases before starting the server" time="0.4205748">
        </testcase>
        <testcase classname="test/commands/dev.test.ts" name="dev &gt; database lifecycle &gt; passes the detected config to startDatabases" time="0.3663299">
        </testcase>
        <testcase classname="test/commands/dev.test.ts" name="dev &gt; database lifecycle &gt; calls server.stop() on each started database after the server exits" time="0.3822037">
        </testcase>
        <testcase classname="test/commands/dev.test.ts" name="dev &gt; database lifecycle &gt; does not throw when no databases are configured" time="0.3473044">
        </testcase>
        <testcase classname="test/commands/dev.test.ts" name="dev &gt; React / Vite integration &gt; does not spawn vite when detectReact returns false" time="0.3554087">
        </testcase>
        <testcase classname="test/commands/dev.test.ts" name="dev &gt; React / Vite integration &gt; spawns vite build --watch concurrently when detectReact returns true" time="0.3545586">
        </testcase>
        <testcase classname="test/commands/dev.test.ts" name="dev &gt; React / Vite integration &gt; vite process receives the same db env vars as the server" time="0.3531195">
        </testcase>
    </testsuite>
    <testsuite name="test/commands/start.test.ts" timestamp="2026-07-01T00:23:22.837Z" hostname="Jane" tests="17" failures="0" errors="0" skipped="0" time="6.5740558">
        <testcase classname="test/commands/start.test.ts" name="start &gt; --no-build flag &gt; skips the build step entirely and goes straight to starting the server" time="0.6040652">
        </testcase>
        <testcase classname="test/commands/start.test.ts" name="start &gt; --no-build flag &gt; does not call detectReact when --no-build is set" time="0.3760518">
        </testcase>
        <testcase classname="test/commands/start.test.ts" name="start &gt; build step (without --no-build) &gt; runs npm run build when no yarn.lock or packageManager field exists" time="0.3614282">
        </testcase>
        <testcase classname="test/commands/start.test.ts" name="start &gt; build step (without --no-build) &gt; runs yarn build when yarn.lock is present" time="0.355923">
        </testcase>
        <testcase classname="test/commands/start.test.ts" name="start &gt; build step (without --no-build) &gt; runs yarn build when packageManager field starts with &quot;yarn&quot;" time="0.3883952">
        </testcase>
        <testcase classname="test/commands/start.test.ts" name="start &gt; server process &gt; spawns node with a server.js path" time="0.3517801">
        </testcase>
        <testcase classname="test/commands/start.test.ts" name="start &gt; server process &gt; checks for server files relative to the project cwd, not the node binary path" time="0.3600088">
        </testcase>
        <testcase classname="test/commands/start.test.ts" name="start &gt; server process &gt; falls back to dist/server.js when no specific layout is detected" time="0.3537566">
        </testcase>
        <testcase classname="test/commands/start.test.ts" name="start &gt; server process &gt; uses dist/server/server.js when existsSync returns true for that path (first check)" time="0.4007476">
        </testcase>
        <testcase classname="test/commands/start.test.ts" name="start &gt; server process &gt; uses dist/src/server.js when the first check fails but the second succeeds" time="0.3995874">
        </testcase>
        <testcase classname="test/commands/start.test.ts" name="start &gt; server process &gt; passes db env vars into the server process environment" time="0.3759564">
        </testcase>
        <testcase classname="test/commands/start.test.ts" name="start &gt; database lifecycle &gt; calls detectDatabases before starting the server" time="0.3749739">
        </testcase>
        <testcase classname="test/commands/start.test.ts" name="start &gt; database lifecycle &gt; passes the detected config to startDatabases" time="0.3640598">
        </testcase>
        <testcase classname="test/commands/start.test.ts" name="start &gt; database lifecycle &gt; calls server.stop() on each started database after server exits" time="0.3634843">
        </testcase>
        <testcase classname="test/commands/start.test.ts" name="start &gt; React / Vite integration &gt; does not run vite build when detectReact returns false" time="0.3590498">
        </testcase>
        <testcase classname="test/commands/start.test.ts" name="start &gt; React / Vite integration &gt; runs vite build between the main build and server startup when detectReact is true" time="0.4332911">
        </testcase>
        <testcase classname="test/commands/start.test.ts" name="start &gt; React / Vite integration &gt; skips vite build when --no-build is set even if detectReact would return true" time="0.3501839">
        </testcase>
    </testsuite>
    <testsuite name="test/lib/db.test.ts" timestamp="2026-07-01T00:23:22.839Z" hostname="Jane" tests="11" failures="0" errors="0" skipped="0" time="6.9301598">
        <testcase classname="test/lib/db.test.ts" name="detectDatabases &gt; detects mongodb from type: &quot;mongodb&quot; in datastores" time="0.0062574">
        </testcase>
        <testcase classname="test/lib/db.test.ts" name="detectDatabases &gt; detects redis from type: &quot;redis&quot; in datastores" time="0.0027767">
        </testcase>
        <testcase classname="test/lib/db.test.ts" name="detectDatabases &gt; detects postgresql from type: &quot;postgresql&quot; in datastores" time="0.0028014">
        </testcase>
        <testcase classname="test/lib/db.test.ts" name="detectDatabases &gt; detects multiple database types from a single config" time="0.0033537">
        </testcase>
        <testcase classname="test/lib/db.test.ts" name="detectDatabases &gt; handles single-quoted type values" time="0.0028607">
        </testcase>
        <testcase classname="test/lib/db.test.ts" name="detectDatabases &gt; returns all false when config has no datastore type strings" time="0.0025999">
        </testcase>
        <testcase classname="test/lib/db.test.ts" name="detectDatabases &gt; returns all false when src/config.ts does not exist" time="0.0014998">
        </testcase>
        <testcase classname="test/lib/db.test.ts" name="startDatabases &gt; starts mongodb-memory-server and sets DATASTORES env vars" time="0.4773377">
        </testcase>
        <testcase classname="test/lib/db.test.ts" name="startDatabases &gt; sets no env vars and spawns no processes when no databases configured" time="0.0002971">
        </testcase>
        <testcase classname="test/lib/db.test.ts" name="startDatabases &gt; starts redis-memory-server and sets DATASTORES env vars" time="4.0882758">
        </testcase>
        <testcase classname="test/lib/db.test.ts" name="startDatabases &gt; starts postgres-memory-server and sets DATASTORES env vars" time="2.3405837">
        </testcase>
    </testsuite>
    <testsuite name="test/lib/patch.test.ts" timestamp="2026-07-01T00:23:22.840Z" hostname="Jane" tests="31" failures="0" errors="0" skipped="0" time="0.0582432">
        <testcase classname="test/lib/patch.test.ts" name="tsBlockInsert &gt; inserts a snippet before the closing brace of the named block" time="0.0012526">
        </testcase>
        <testcase classname="test/lib/patch.test.ts" name="tsBlockInsert &gt; is a no-op when idempotencyKey already appears as a depth-1 property" time="0.0002264">
        </testcase>
        <testcase classname="test/lib/patch.test.ts" name="tsBlockInsert &gt; inserts when idempotencyKey does not match any existing property" time="0.0001096">
        </testcase>
        <testcase classname="test/lib/patch.test.ts" name="tsBlockInsert &gt; throws a descriptive error when the named block does not exist" time="0.0005276">
        </testcase>
        <testcase classname="test/lib/patch.test.ts" name="tsBlockInsert &gt; handles an empty block" time="0.0000898">
        </testcase>
        <testcase classname="test/lib/patch.test.ts" name="tsBlockInsert &gt; does not match property names inside string literals" time="0.0001042">
        </testcase>
        <testcase classname="test/lib/patch.test.ts" name="tsBlockInsert &gt; skips property names inside // comments when checking idempotency" time="0.0000728">
        </testcase>
        <testcase classname="test/lib/patch.test.ts" name="tsPropertySet &gt; replaces the value of the named property inside the block" time="0.000292">
        </testcase>
        <testcase classname="test/lib/patch.test.ts" name="tsPropertySet &gt; is a no-op when the value is already the desired value" time="0.0001336">
        </testcase>
        <testcase classname="test/lib/patch.test.ts" name="tsPropertySet &gt; preserves all other content outside the changed property" time="0.0001123">
        </testcase>
        <testcase classname="test/lib/patch.test.ts" name="tsPropertySet &gt; throws when the named block does not exist" time="0.0001173">
        </testcase>
        <testcase classname="test/lib/patch.test.ts" name="tsPropertySet &gt; returns source unchanged when the property does not exist in the block" time="0.0001045">
        </testcase>
        <testcase classname="test/lib/patch.test.ts" name="tsPropertySet &gt; does not affect same-named properties inside sibling blocks" time="0.0001384">
        </testcase>
        <testcase classname="test/lib/patch.test.ts" name="tsPropertySet &gt; handles an object-valued property without corrupting it" time="0.0001202">
        </testcase>
        <testcase classname="test/lib/patch.test.ts" name="tsPropertySet &gt; skips // comments when scanning for property names" time="0.0000908">
        </testcase>
        <testcase classname="test/lib/patch.test.ts" name="jsonMerge &gt; merges dependencies into an existing package.json object" time="0.0005043">
        </testcase>
        <testcase classname="test/lib/patch.test.ts" name="jsonMerge &gt; patch value wins on scalar conflicts" time="0.0000932">
        </testcase>
        <testcase classname="test/lib/patch.test.ts" name="jsonMerge &gt; deep-merges nested objects independently" time="0.0001123">
        </testcase>
        <testcase classname="test/lib/patch.test.ts" name="jsonMerge &gt; replaces arrays rather than concatenating" time="0.0000876">
        </testcase>
        <testcase classname="test/lib/patch.test.ts" name="jsonMerge &gt; is idempotent: applying the same patch twice yields the same result" time="0.0000817">
        </testcase>
        <testcase classname="test/lib/patch.test.ts" name="jsonMerge &gt; does not mutate the target argument" time="0.0000727">
        </testcase>
        <testcase classname="test/lib/patch.test.ts" name="jsonMerge &gt; handles an empty patch (no-op)" time="0.0000627">
        </testcase>
        <testcase classname="test/lib/patch.test.ts" name="applyPatches &gt; ts-block-insert: inserts rendered snippet into the named block" time="0.0107989">
        </testcase>
        <testcase classname="test/lib/patch.test.ts" name="applyPatches &gt; ts-block-insert: skips insertion when idempotencyKey is already present" time="0.0050198">
        </testcase>
        <testcase classname="test/lib/patch.test.ts" name="applyPatches &gt; ts-block-insert: throws when target file does not exist" time="0.0043348">
        </testcase>
        <testcase classname="test/lib/patch.test.ts" name="applyPatches &gt; json-merge: merges dependency entries into existing package.json" time="0.0048611">
        </testcase>
        <testcase classname="test/lib/patch.test.ts" name="applyPatches &gt; json-merge: creates the file if it does not exist" time="0.0069509">
        </testcase>
        <testcase classname="test/lib/patch.test.ts" name="applyPatches &gt; json-merge: is idempotent — running twice yields the same result" time="0.0062911">
        </testcase>
        <testcase classname="test/lib/patch.test.ts" name="applyPatches &gt; ts-property-set: replaces a property value in the named block" time="0.0048976">
        </testcase>
        <testcase classname="test/lib/patch.test.ts" name="applyPatches &gt; ts-property-set: is idempotent when property already has the desired value" time="0.0053645">
        </testcase>
        <testcase classname="test/lib/patch.test.ts" name="applyPatches &gt; skips a patch entirely when condition evaluates to falsy" time="0.0040345">
        </testcase>
    </testsuite>
    <testsuite name="test/lib/project.test.ts" timestamp="2026-07-01T00:23:22.845Z" hostname="Jane" tests="27" failures="0" errors="0" skipped="0" time="0.0420716">
        <testcase classname="test/lib/project.test.ts" name="detectReact &gt; returns true when vite.config.ts exists" time="0.0050265">
        </testcase>
        <testcase classname="test/lib/project.test.ts" name="detectReact &gt; returns false when vite.config.ts does not exist" time="0.0008956">
        </testcase>
        <testcase classname="test/lib/project.test.ts" name="detectReact &gt; returns false for a non-existent directory" time="0.0008596">
        </testcase>
        <testcase classname="test/lib/project.test.ts" name="readProjectAuthor &gt; returns a string author field" time="0.0023428">
        </testcase>
        <testcase classname="test/lib/project.test.ts" name="readProjectAuthor &gt; returns the name from an object author field" time="0.0018905">
        </testcase>
        <testcase classname="test/lib/project.test.ts" name="readProjectAuthor &gt; returns undefined when author is an empty string" time="0.0020248">
        </testcase>
        <testcase classname="test/lib/project.test.ts" name="readProjectAuthor &gt; returns undefined when author field is absent" time="0.0018766">
        </testcase>
        <testcase classname="test/lib/project.test.ts" name="readProjectAuthor &gt; returns undefined when package.json does not exist" time="0.0006979">
        </testcase>
        <testcase classname="test/lib/project.test.ts" name="readProjectAuthor &gt; returns undefined when package.json is invalid JSON" time="0.0018511">
        </testcase>
        <testcase classname="test/lib/project.test.ts" name="extractDatastoreInfo &gt; extracts name and type for each top-level datastore property" time="0.0007273">
        </testcase>
        <testcase classname="test/lib/project.test.ts" name="extractDatastoreInfo &gt; handles multi-line datastore objects" time="0.0001772">
        </testcase>
        <testcase classname="test/lib/project.test.ts" name="extractDatastoreInfo &gt; returns an empty array when there is no datastores block" time="0.0000798">
        </testcase>
        <testcase classname="test/lib/project.test.ts" name="extractDatastoreInfo &gt; returns empty type when the datastore object has no type field" time="0.0000866">
        </testcase>
        <testcase classname="test/lib/project.test.ts" name="extractDatastoreInfo &gt; does not confuse nested type fields with the top-level one" time="0.0000943">
        </testcase>
        <testcase classname="test/lib/project.test.ts" name="extractDatastoreInfo &gt; ignores type values inside string literals" time="0.0000867">
        </testcase>
        <testcase classname="test/lib/project.test.ts" name="extractDatastoreInfo &gt; skips // line comments" time="0.0000805">
        </testcase>
        <testcase classname="test/lib/project.test.ts" name="readProjectDatastores &gt; reads datastores from src/config.ts" time="0.0027106">
        </testcase>
        <testcase classname="test/lib/project.test.ts" name="readProjectDatastores &gt; returns an empty array when src/config.ts does not exist" time="0.0013929">
        </testcase>
        <testcase classname="test/lib/project.test.ts" name="extractModelDatastore &gt; extracts the datastore name from a @DataStore decorator" time="0.0001505">
        </testcase>
        <testcase classname="test/lib/project.test.ts" name="extractModelDatastore &gt; handles double-quoted strings" time="0.0001037">
        </testcase>
        <testcase classname="test/lib/project.test.ts" name="extractModelDatastore &gt; returns an empty string when no @DataStore decorator is present" time="0.0000752">
        </testcase>
        <testcase classname="test/lib/project.test.ts" name="readProjectModels &gt; returns the class name (filename without .ts) for each model file" time="0.0036768">
        </testcase>
        <testcase classname="test/lib/project.test.ts" name="readProjectModels &gt; excludes .d.ts declaration files" time="0.0033805">
        </testcase>
        <testcase classname="test/lib/project.test.ts" name="readProjectModels &gt; returns an empty array when src/models does not exist" time="0.0018255">
        </testcase>
        <testcase classname="test/lib/project.test.ts" name="readModelDatastore &gt; reads the @DataStore value from the named model file" time="0.0033065">
        </testcase>
        <testcase classname="test/lib/project.test.ts" name="readModelDatastore &gt; returns an empty string when the model file does not exist" time="0.0021929">
        </testcase>
        <testcase classname="test/lib/project.test.ts" name="readModelDatastore &gt; returns an empty string when the model has no @DataStore decorator" time="0.0030461">
        </testcase>
    </testsuite>
    <testsuite name="test/lib/template.test.ts" timestamp="2026-07-01T00:23:22.849Z" hostname="Jane" tests="21" failures="0" errors="0" skipped="0" time="0.092301">
        <testcase classname="test/lib/template.test.ts" name="processTemplate &gt; substitutes {{variable}} in file content" time="0.0088831">
        </testcase>
        <testcase classname="test/lib/template.test.ts" name="processTemplate &gt; substitutes {{name}} placeholders in output file paths" time="0.0042578">
        </testcase>
        <testcase classname="test/lib/template.test.ts" name="processTemplate &gt; evaluates {{#if}} Handlebars conditionals in content" time="0.0046716">
        </testcase>
        <testcase classname="test/lib/template.test.ts" name="processTemplate &gt; copies binary files (.cjs, .gz) byte-for-byte without Handlebars processing" time="0.0028773">
        </testcase>
        <testcase classname="test/lib/template.test.ts" name="processTemplate &gt; excludes a file when its manifest condition is false" time="0.0038609">
        </testcase>
        <testcase classname="test/lib/template.test.ts" name="processTemplate &gt; includes a file when its manifest condition is true" time="0.0027102">
        </testcase>
        <testcase classname="test/lib/template.test.ts" name="processTemplate &gt; excludes a directory subtree when its manifest condition is false" time="0.0025183">
        </testcase>
        <testcase classname="test/lib/template.test.ts" name="processTemplate &gt; preserves ${{ }} GitHub Actions syntax unchanged" time="0.0022459">
        </testcase>
        <testcase classname="test/lib/template.test.ts" name="processTemplate &gt; throws when an output file already exists and force is not set" time="0.0017934">
        </testcase>
        <testcase classname="test/lib/template.test.ts" name="processTemplate &gt; overwrites an existing output file when force is true" time="0.0026175">
        </testcase>
        <testcase classname="test/lib/template.test.ts" name="processTemplate &gt; creates nested output directories for files in subdirectories" time="0.0034747">
        </testcase>
        <testcase classname="test/lib/template.test.ts" name="processTemplate &gt; patches &gt; does not copy patch template files into the output directory" time="0.0042214">
        </testcase>
        <testcase classname="test/lib/template.test.ts" name="processTemplate &gt; patches &gt; applies a json-merge patch to the project directory after file generation" time="0.0052297">
        </testcase>
        <testcase classname="test/lib/template.test.ts" name="processTemplate &gt; patches &gt; skips a patch when its condition is falsy in the context" time="0.0041032">
        </testcase>
        <testcase classname="test/lib/template.test.ts" name="processTemplate &gt; patches &gt; applies a ts-block-insert patch to src/config.ts in the project directory" time="0.0056813">
        </testcase>
        <testcase classname="test/lib/template.test.ts" name="processTemplate &gt; Helm-safe mode (helmPaths) &gt; substitutes [[ varname ]] in Helm files" time="0.0030253">
        </testcase>
        <testcase classname="test/lib/template.test.ts" name="processTemplate &gt; Helm-safe mode (helmPaths) &gt; resolves [[#if condition]]...[[/if]] blocks in Helm files" time="0.0026588">
        </testcase>
        <testcase classname="test/lib/template.test.ts" name="processTemplate &gt; Helm-safe mode (helmPaths) &gt; preserves Helm {{ }} Go-template expressions in helmPaths files" time="0.0034002">
        </testcase>
        <testcase classname="test/lib/template.test.ts" name="processTemplate &gt; Helm-safe mode (helmPaths) &gt; handles nested [[#if]] blocks in Helm files" time="0.0030345">
        </testcase>
        <testcase classname="test/lib/template.test.ts" name="processTemplate &gt; Helm-safe mode (helmPaths) &gt; substitutes [[ dotted.path ]] from nested context in Helm files" time="0.0032704">
        </testcase>
        <testcase classname="test/lib/template.test.ts" name="processTemplate &gt; Helm-safe mode (helmPaths) &gt; files outside helmPaths still use Handlebars {{ }} normally" time="0.0044641">
        </testcase>
    </testsuite>
    <testsuite name="test/commands/generate/model.test.ts" timestamp="2026-07-01T00:23:22.851Z" hostname="Jane" tests="21" failures="0" errors="0" skipped="0" time="8.5952494">
        <testcase classname="test/commands/generate/model.test.ts" name="generate model &gt; context building &gt; builds the correct context from prompts and passes it to processTemplate" time="0.693955">
        </testcase>
        <testcase classname="test/commands/generate/model.test.ts" name="generate model &gt; context building &gt; includes cache: false and protect: false when those prompts answer no" time="0.4230499">
        </testcase>
        <testcase classname="test/commands/generate/model.test.ts" name="generate model &gt; context building &gt; sets isMongoDb true and other db booleans false when datastoreType is mongodb" time="0.4024483">
        </testcase>
        <testcase classname="test/commands/generate/model.test.ts" name="generate model &gt; context building &gt; includes project_name from package.json in the context" time="0.3931805">
        </testcase>
        <testcase classname="test/commands/generate/model.test.ts" name="generate model &gt; datastore selection — configured datastores present &gt; shows each datastore as &quot;name (type)&quot; in the select choices" time="0.4229766">
        </testcase>
        <testcase classname="test/commands/generate/model.test.ts" name="generate model &gt; datastore selection — configured datastores present &gt; resolves datastoreType from the config list for the selected name" time="0.3750705">
        </testcase>
        <testcase classname="test/commands/generate/model.test.ts" name="generate model &gt; datastore selection — configured datastores present &gt; does not show the &quot;set up new database&quot; prompt when datastores are configured" time="0.3661345">
        </testcase>
        <testcase classname="test/commands/generate/model.test.ts" name="generate model &gt; datastore selection — no configured datastores &gt; asks to set up a new database and selects the type when the user says yes" time="0.427752">
        </testcase>
        <testcase classname="test/commands/generate/model.test.ts" name="generate model &gt; datastore selection — no configured datastores &gt; sets datastore and datastoreType to empty string when the user declines" time="0.367105">
        </testcase>
        <testcase classname="test/commands/generate/model.test.ts" name="generate model &gt; flag shortcuts bypass prompts &gt; --datastore skips the datastore select but still resolves datastoreType from config" time="0.4124944">
        </testcase>
        <testcase classname="test/commands/generate/model.test.ts" name="generate model &gt; flag shortcuts bypass prompts &gt; --datastore leaves datastoreType empty when the name is not in the project config" time="0.3952517">
        </testcase>
        <testcase classname="test/commands/generate/model.test.ts" name="generate model &gt; flag shortcuts bypass prompts &gt; --description skips the description input prompt" time="0.3873966">
        </testcase>
        <testcase classname="test/commands/generate/model.test.ts" name="generate model &gt; flag shortcuts bypass prompts &gt; --cache skips the cache select prompt" time="0.3784258">
        </testcase>
        <testcase classname="test/commands/generate/model.test.ts" name="generate model &gt; flag shortcuts bypass prompts &gt; --protect skips the protect select prompt" time="0.4129327">
        </testcase>
        <testcase classname="test/commands/generate/model.test.ts" name="generate model &gt; flag shortcuts bypass prompts &gt; --author skips all author resolution (package.json and input prompt)" time="0.3956182">
        </testcase>
        <testcase classname="test/commands/generate/model.test.ts" name="generate model &gt; flag shortcuts bypass prompts &gt; --author takes precedence over package.json author" time="0.4075257">
        </testcase>
        <testcase classname="test/commands/generate/model.test.ts" name="generate model &gt; author resolution priority &gt; uses package.json author without prompting when no --author flag" time="0.4195031">
        </testcase>
        <testcase classname="test/commands/generate/model.test.ts" name="generate model &gt; author resolution priority &gt; falls back to the author input prompt when package.json has no author" time="0.3785121">
        </testcase>
        <testcase classname="test/commands/generate/model.test.ts" name="generate model &gt; output and template options &gt; uses ./src/models as the default output directory" time="0.3827738">
        </testcase>
        <testcase classname="test/commands/generate/model.test.ts" name="generate model &gt; output and template options &gt; passes force: true to processTemplate when --force is set" time="0.3884468">
        </testcase>
        <testcase classname="test/commands/generate/model.test.ts" name="generate model &gt; output and template options &gt; points processTemplate at the model template directory" time="0.3632705">
        </testcase>
    </testsuite>
    <testsuite name="test/commands/generate/react.test.ts" timestamp="2026-07-01T00:23:22.854Z" hostname="Jane" tests="14" failures="0" errors="0" skipped="0" time="5.2979975">
        <testcase classname="test/commands/generate/react.test.ts" name="generate react &gt; context building &gt; builds the correct context from prompts and passes it to processTemplate" time="0.6205436">
        </testcase>
        <testcase classname="test/commands/generate/react.test.ts" name="generate react &gt; context building &gt; includes hydrate: false when the hydrate select answers no" time="0.3714652">
        </testcase>
        <testcase classname="test/commands/generate/react.test.ts" name="generate react &gt; context building &gt; includes project_name from package.json in the context" time="0.3892987">
        </testcase>
        <testcase classname="test/commands/generate/react.test.ts" name="generate react &gt; context building &gt; uses the app name as the default suggestion for the path prompt" time="0.3612355">
        </testcase>
        <testcase classname="test/commands/generate/react.test.ts" name="generate react &gt; flag shortcuts bypass prompts &gt; --path skips the path input prompt" time="0.3639998">
        </testcase>
        <testcase classname="test/commands/generate/react.test.ts" name="generate react &gt; flag shortcuts bypass prompts &gt; --hydrate skips the hydrate select prompt" time="0.3513282">
        </testcase>
        <testcase classname="test/commands/generate/react.test.ts" name="generate react &gt; flag shortcuts bypass prompts &gt; --author skips all author resolution (package.json and input prompt)" time="0.3586768">
        </testcase>
        <testcase classname="test/commands/generate/react.test.ts" name="generate react &gt; flag shortcuts bypass prompts &gt; --author takes precedence over package.json author" time="0.3562938">
        </testcase>
        <testcase classname="test/commands/generate/react.test.ts" name="generate react &gt; author resolution priority &gt; uses package.json author without prompting when no --author flag" time="0.3488989">
        </testcase>
        <testcase classname="test/commands/generate/react.test.ts" name="generate react &gt; author resolution priority &gt; falls back to the author input prompt when package.json has no author" time="0.3607076">
        </testcase>
        <testcase classname="test/commands/generate/react.test.ts" name="generate react &gt; output and template options &gt; uses the project root as the default output directory" time="0.3502702">
        </testcase>
        <testcase classname="test/commands/generate/react.test.ts" name="generate react &gt; output and template options &gt; passes force: true to processTemplate when --force is set" time="0.3441751">
        </testcase>
        <testcase classname="test/commands/generate/react.test.ts" name="generate react &gt; output and template options &gt; passes projectDir: process.cwd() to processTemplate" time="0.3601152">
        </testcase>
        <testcase classname="test/commands/generate/react.test.ts" name="generate react &gt; output and template options &gt; points processTemplate at the react template directory" time="0.3595578">
        </testcase>
    </testsuite>
    <testsuite name="test/commands/generate/route.test.ts" timestamp="2026-07-01T00:23:22.856Z" hostname="Jane" tests="17" failures="0" errors="0" skipped="0" time="6.4318047">
        <testcase classname="test/commands/generate/route.test.ts" name="generate route &gt; context building &gt; builds the correct context from prompts and passes it to processTemplate" time="0.603263">
        </testcase>
        <testcase classname="test/commands/generate/route.test.ts" name="generate route &gt; context building &gt; resolves datastoreType from the model&apos;s @DataStore decorator via the project config" time="0.379943">
        </testcase>
        <testcase classname="test/commands/generate/route.test.ts" name="generate route &gt; context building &gt; sets datastore and datastoreType to empty when model is &quot;(none)&quot;" time="0.3509614">
        </testcase>
        <testcase classname="test/commands/generate/route.test.ts" name="generate route &gt; context building &gt; leaves datastoreType empty when the model has no @DataStore decorator" time="0.3686119">
        </testcase>
        <testcase classname="test/commands/generate/route.test.ts" name="generate route &gt; model selection &gt; shows a select with &quot;(none)&quot;, project models, and a &quot;+ New model...&quot; option" time="0.3419073">
        </testcase>
        <testcase classname="test/commands/generate/route.test.ts" name="generate route &gt; model selection &gt; runs generate model inline when &quot;+ New model...&quot; is selected and uses the newly created model" time="0.3744778">
        </testcase>
        <testcase classname="test/commands/generate/route.test.ts" name="generate route &gt; model selection &gt; falls back to a free-form input when no models exist in the project" time="0.3916157">
        </testcase>
        <testcase classname="test/commands/generate/route.test.ts" name="generate route &gt; model selection &gt; --no-model skips all model prompts and leaves model undefined in context" time="0.3489119">
        </testcase>
        <testcase classname="test/commands/generate/route.test.ts" name="generate route &gt; flag shortcuts bypass prompts &gt; --model skips the model select and resolves datastore from the named model file" time="0.3471445">
        </testcase>
        <testcase classname="test/commands/generate/route.test.ts" name="generate route &gt; flag shortcuts bypass prompts &gt; --description skips the description input prompt" time="0.3514634">
        </testcase>
        <testcase classname="test/commands/generate/route.test.ts" name="generate route &gt; flag shortcuts bypass prompts &gt; --path skips the route path input prompt" time="0.365288">
        </testcase>
        <testcase classname="test/commands/generate/route.test.ts" name="generate route &gt; flag shortcuts bypass prompts &gt; --protect skips the protect select prompt" time="0.394114">
        </testcase>
        <testcase classname="test/commands/generate/route.test.ts" name="generate route &gt; flag shortcuts bypass prompts &gt; --author skips all author resolution" time="0.3548833">
        </testcase>
        <testcase classname="test/commands/generate/route.test.ts" name="generate route &gt; author resolution priority &gt; uses package.json author without prompting when no --author flag" time="0.3458165">
        </testcase>
        <testcase classname="test/commands/generate/route.test.ts" name="generate route &gt; author resolution priority &gt; falls back to the author input prompt when package.json has no author" time="0.3761147">
        </testcase>
        <testcase classname="test/commands/generate/route.test.ts" name="generate route &gt; output and template options &gt; uses project root as the default output directory for the route file" time="0.3559429">
        </testcase>
        <testcase classname="test/commands/generate/route.test.ts" name="generate route &gt; output and template options &gt; passes force: true to both processTemplate calls when --force is set" time="0.3799826">
        </testcase>
    </testsuite>
    <testsuite name="test/commands/generate/server.test.ts" timestamp="2026-07-01T00:23:22.858Z" hostname="Jane" tests="10" failures="0" errors="0" skipped="0" time="4.5898681">
        <testcase classname="test/commands/generate/server.test.ts" name="generate server &gt; builds the correct base context from prompts" time="0.5988098">
        </testcase>
        <testcase classname="test/commands/generate/server.test.ts" name="generate server &gt; maps selected database and feature choices to boolean flags on context.features" time="0.3471854">
        </testcase>
        <testcase classname="test/commands/generate/server.test.ts" name="generate server &gt; sets hasDatabase true when any persistent store is selected" time="1.1050797">
        </testcase>
        <testcase classname="test/commands/generate/server.test.ts" name="generate server &gt; sets hasDatabase false when only non-persistent features are selected" time="0.3941593">
        </testcase>
        <testcase classname="test/commands/generate/server.test.ts" name="generate server &gt; maps the SCM choice to a boolean map on context.scm" time="0.3537763">
        </testcase>
        <testcase classname="test/commands/generate/server.test.ts" name="generate server &gt; maps the package manager choice to a boolean map on context.pkgMgr" time="0.3498406">
        </testcase>
        <testcase classname="test/commands/generate/server.test.ts" name="generate server &gt; uses ./&lt;name&gt; as the default output directory" time="0.3675775">
        </testcase>
        <testcase classname="test/commands/generate/server.test.ts" name="generate server &gt; uses --output-dir when provided" time="0.3556629">
        </testcase>
        <testcase classname="test/commands/generate/server.test.ts" name="generate server &gt; points processTemplate at the server template directory" time="0.3520672">
        </testcase>
        <testcase classname="test/commands/generate/server.test.ts" name="generate server &gt; passes force: true when --force is set" time="0.3643201">
        </testcase>
    </testsuite>
</testsuites>
